[INFO] 09:39:10:507 MEM/(10278:10278): Logger creado!
[INFO] 09:39:10:508 MEM/(10278:10278): Configuracion cargada correctamente
[INFO] 09:39:10:508 MEM/(10278:10278): Memoria cargada correctamente!
[INFO] 09:39:10:508 MEM/(10278:10278): Generando estructuras globales de tablas de paginas...
[INFO] 09:39:10:509 MEM/(10278:10278): Estructuras globales de tablas de paginas creadas!
[INFO] 09:39:10:509 MEM/(10278:10278): Generando estructura auxiliar para manejo de frames...
[INFO] 09:39:10:510 MEM/(10278:10278): El módulo tiene 64 frames disponibles!
[INFO] 09:39:10:510 MEM/(10278:10278): Estructura auxiliar para manejo de frames creada!
[INFO] 09:39:10:510 MEM/(10278:10278): Generando lista de archivos swap...
[INFO] 09:39:10:510 MEM/(10278:10278): Inicializando servidor con ip 127.0.0.1 y puerto 8002... 
[INFO] 09:39:10:510 MEM/(10278:10278): Socket creado y escuchando: 4!
[INFO] 10:35:43:613 MEM/(4142:4142): Logger creado!
[INFO] 10:35:43:619 MEM/(4142:4142): Configuracion cargada correctamente
[INFO] 10:35:43:620 MEM/(4142:4142): Memoria cargada correctamente!
[INFO] 10:35:43:620 MEM/(4142:4142): Generando estructuras globales de tablas de paginas...
[INFO] 10:35:43:620 MEM/(4142:4142): Estructuras globales de tablas de paginas creadas!
[INFO] 10:35:43:620 MEM/(4142:4142): Generando estructura auxiliar para manejo de frames...
[INFO] 10:35:43:620 MEM/(4142:4142): El módulo tiene 64 frames disponibles!
[INFO] 10:35:43:620 MEM/(4142:4142): Estructura auxiliar para manejo de frames creada!
[INFO] 10:35:43:620 MEM/(4142:4142): Generando lista de archivos swap...
[INFO] 10:35:43:625 MEM/(4142:4142): Inicializando servidor con ip 127.0.0.1 y puerto 8002... 
[INFO] 10:35:43:625 MEM/(4142:4142): Socket creado y escuchando: 4!
[INFO] 10:37:55:294 MEM/(4507:4507): Logger creado!
[INFO] 10:37:55:296 MEM/(4507:4507): Configuracion cargada correctamente
[INFO] 10:37:55:299 MEM/(4507:4507): Memoria cargada correctamente!
[INFO] 10:37:55:299 MEM/(4507:4507): Generando estructuras globales de tablas de paginas...
[INFO] 10:37:55:299 MEM/(4507:4507): Estructuras globales de tablas de paginas creadas!
[INFO] 10:37:55:299 MEM/(4507:4507): Generando estructura auxiliar para manejo de frames...
[INFO] 10:37:55:299 MEM/(4507:4507): El módulo tiene 64 frames disponibles!
[INFO] 10:37:55:300 MEM/(4507:4507): Estructura auxiliar para manejo de frames creada!
[INFO] 10:37:55:300 MEM/(4507:4507): Generando lista de archivos swap...
[INFO] 10:37:55:302 MEM/(4507:4507): Inicializando servidor con ip 127.0.0.1 y puerto 8002... 
[INFO] 10:37:55:303 MEM/(4507:4507): Socket creado y escuchando: 4!
[INFO] 10:44:06:951 MEM/(5441:5441): Logger creado!
[INFO] 10:44:06:952 MEM/(5441:5441): Configuracion cargada correctamente
[INFO] 10:44:06:953 MEM/(5441:5441): Memoria cargada correctamente!
[INFO] 10:44:06:953 MEM/(5441:5441): Generando estructuras globales de tablas de paginas...
[INFO] 10:44:06:953 MEM/(5441:5441): Estructuras globales de tablas de paginas creadas!
[INFO] 10:44:06:953 MEM/(5441:5441): Generando estructura auxiliar para manejo de frames...
[INFO] 10:44:06:953 MEM/(5441:5441): El módulo tiene 64 frames disponibles!
[INFO] 10:44:06:953 MEM/(5441:5441): Estructura auxiliar para manejo de frames creada!
[INFO] 10:44:06:953 MEM/(5441:5441): Generando lista de archivos swap...
[INFO] 10:44:06:960 MEM/(5441:5441): Inicializando servidor con ip 127.0.0.1 y puerto 8002... 
[INFO] 10:44:06:960 MEM/(5441:5441): Socket creado y escuchando: 4!
[INFO] 10:46:23:724 MEM/(5958:5958): Logger creado!
[INFO] 10:46:23:725 MEM/(5958:5958): Configuracion cargada correctamente
[INFO] 10:46:23:726 MEM/(5958:5958): Memoria cargada correctamente!
[INFO] 10:46:23:726 MEM/(5958:5958): Generando estructuras globales de tablas de paginas...
[INFO] 10:46:23:726 MEM/(5958:5958): Estructuras globales de tablas de paginas creadas!
[INFO] 10:46:23:726 MEM/(5958:5958): Generando estructura auxiliar para manejo de frames...
[INFO] 10:46:23:726 MEM/(5958:5958): El módulo tiene 64 frames disponibles!
[INFO] 10:46:23:726 MEM/(5958:5958): Estructura auxiliar para manejo de frames creada!
[INFO] 10:46:23:726 MEM/(5958:5958): Generando lista de archivos swap...
[INFO] 10:46:23:748 MEM/(5958:5958): Inicializando servidor con ip 127.0.0.1 y puerto 8002... 
[INFO] 10:46:23:749 MEM/(5958:5958): Socket creado y escuchando: 4!
[INFO] 10:47:22:943 MEM/(6181:6181): Logger creado!
[INFO] 10:47:22:944 MEM/(6181:6181): Configuracion cargada correctamente
[INFO] 10:47:22:945 MEM/(6181:6181): Memoria cargada correctamente!
[INFO] 10:47:22:945 MEM/(6181:6181): Generando estructuras globales de tablas de paginas...
[INFO] 10:47:22:946 MEM/(6181:6181): Estructuras globales de tablas de paginas creadas!
[INFO] 10:47:22:946 MEM/(6181:6181): Generando estructura auxiliar para manejo de frames...
[INFO] 10:47:22:946 MEM/(6181:6181): El módulo tiene 64 frames disponibles!
[INFO] 10:47:22:946 MEM/(6181:6181): Estructura auxiliar para manejo de frames creada!
[INFO] 10:47:22:946 MEM/(6181:6181): Generando lista de archivos swap...
[INFO] 10:47:22:949 MEM/(6181:6181): Inicializando servidor con ip 127.0.0.1 y puerto 8002... 
[INFO] 10:47:22:950 MEM/(6181:6181): Socket creado y escuchando: 4!
[INFO] 10:50:41:127 MEM/(6812:6812): Logger creado!
[INFO] 10:50:41:128 MEM/(6812:6812): Configuracion cargada correctamente
[INFO] 10:50:41:129 MEM/(6812:6812): Memoria cargada correctamente!
[INFO] 10:50:41:129 MEM/(6812:6812): Generando estructuras globales de tablas de paginas...
[INFO] 10:50:41:129 MEM/(6812:6812): Estructuras globales de tablas de paginas creadas!
[INFO] 10:50:41:129 MEM/(6812:6812): Generando estructura auxiliar para manejo de frames...
[INFO] 10:50:41:129 MEM/(6812:6812): El módulo tiene 64 frames disponibles!
[INFO] 10:50:41:129 MEM/(6812:6812): Estructura auxiliar para manejo de frames creada!
[INFO] 10:50:41:129 MEM/(6812:6812): Generando lista de archivos swap...
[INFO] 10:50:41:137 MEM/(6812:6812): Inicializando servidor con ip 127.0.0.1 y puerto 8002... 
[INFO] 10:50:41:137 MEM/(6812:6812): Socket creado y escuchando: 4!
[INFO] 10:51:58:344 MEM/(7057:7057): Logger creado!
[INFO] 10:51:58:345 MEM/(7057:7057): Configuracion cargada correctamente
[INFO] 10:51:58:346 MEM/(7057:7057): Memoria cargada correctamente!
[INFO] 10:51:58:346 MEM/(7057:7057): Generando estructuras globales de tablas de paginas...
[INFO] 10:51:58:346 MEM/(7057:7057): Estructuras globales de tablas de paginas creadas!
[INFO] 10:51:58:346 MEM/(7057:7057): Generando estructura auxiliar para manejo de frames...
[INFO] 10:51:58:346 MEM/(7057:7057): El módulo tiene 64 frames disponibles!
[INFO] 10:51:58:346 MEM/(7057:7057): Estructura auxiliar para manejo de frames creada!
[INFO] 10:51:58:346 MEM/(7057:7057): Generando lista de archivos swap...
[INFO] 10:51:58:354 MEM/(7057:7057): Inicializando servidor con ip 127.0.0.1 y puerto 8002... 
[INFO] 10:51:58:354 MEM/(7057:7057): Socket creado y escuchando: 4!
[INFO] 10:54:43:551 MEM/(7476:7476): Logger creado!
[INFO] 10:54:43:553 MEM/(7476:7476): Configuracion cargada correctamente
[INFO] 10:54:43:554 MEM/(7476:7476): Memoria cargada correctamente!
[INFO] 10:54:43:554 MEM/(7476:7476): Generando estructuras globales de tablas de paginas...
[INFO] 10:54:43:554 MEM/(7476:7476): Estructuras globales de tablas de paginas creadas!
[INFO] 10:54:43:554 MEM/(7476:7476): Generando estructura auxiliar para manejo de frames...
[INFO] 10:54:43:554 MEM/(7476:7476): El módulo tiene 64 frames disponibles!
[INFO] 10:54:43:554 MEM/(7476:7476): Estructura auxiliar para manejo de frames creada!
[INFO] 10:54:43:554 MEM/(7476:7476): Generando lista de archivos swap...
[INFO] 10:54:43:562 MEM/(7476:7476): Inicializando servidor con ip 127.0.0.1 y puerto 8002... 
[INFO] 10:54:43:562 MEM/(7476:7476): Socket creado y escuchando: 4!
[INFO] 10:57:55:492 MEM/(8042:8042): Logger creado!
[INFO] 10:57:55:493 MEM/(8042:8042): Configuracion cargada correctamente
[INFO] 10:57:55:494 MEM/(8042:8042): Memoria cargada correctamente!
[INFO] 10:57:55:494 MEM/(8042:8042): Generando estructuras globales de tablas de paginas...
[INFO] 10:57:55:494 MEM/(8042:8042): Estructuras globales de tablas de paginas creadas!
[INFO] 10:57:55:494 MEM/(8042:8042): Generando estructura auxiliar para manejo de frames...
[INFO] 10:57:55:495 MEM/(8042:8042): El módulo tiene 64 frames disponibles!
[INFO] 10:57:55:495 MEM/(8042:8042): Estructura auxiliar para manejo de frames creada!
[INFO] 10:57:55:495 MEM/(8042:8042): Generando lista de archivos swap...
[INFO] 10:57:55:498 MEM/(8042:8042): Inicializando servidor con ip 127.0.0.1 y puerto 8002... 
[INFO] 10:57:55:498 MEM/(8042:8042): Socket creado y escuchando: 4!
[INFO] 10:58:02:472 MEM/(8069:8069): Logger creado!
[INFO] 10:58:02:478 MEM/(8069:8069): Configuracion cargada correctamente
[INFO] 10:58:02:478 MEM/(8069:8069): Memoria cargada correctamente!
[INFO] 10:58:02:478 MEM/(8069:8069): Generando estructuras globales de tablas de paginas...
[INFO] 10:58:02:478 MEM/(8069:8069): Estructuras globales de tablas de paginas creadas!
[INFO] 10:58:02:478 MEM/(8069:8069): Generando estructura auxiliar para manejo de frames...
[INFO] 10:58:02:479 MEM/(8069:8069): El módulo tiene 64 frames disponibles!
[INFO] 10:58:02:479 MEM/(8069:8069): Estructura auxiliar para manejo de frames creada!
[INFO] 10:58:02:479 MEM/(8069:8069): Generando lista de archivos swap...
[INFO] 10:58:02:481 MEM/(8069:8069): Inicializando servidor con ip 127.0.0.1 y puerto 8002... 
[INFO] 10:58:02:484 MEM/(8069:8069): Socket creado y escuchando: 4!
[INFO] 11:02:17:794 MEM/(8659:8659): Logger creado!
[INFO] 11:02:17:796 MEM/(8659:8659): Configuracion cargada correctamente
[INFO] 11:02:17:802 MEM/(8659:8659): Memoria cargada correctamente!
[INFO] 11:02:17:802 MEM/(8659:8659): Generando estructuras globales de tablas de paginas...
[INFO] 11:02:17:806 MEM/(8659:8659): Estructuras globales de tablas de paginas creadas!
[INFO] 11:02:17:806 MEM/(8659:8659): Generando estructura auxiliar para manejo de frames...
[INFO] 11:02:17:806 MEM/(8659:8659): El módulo tiene 64 frames disponibles!
[INFO] 11:02:17:806 MEM/(8659:8659): Estructura auxiliar para manejo de frames creada!
[INFO] 11:02:17:806 MEM/(8659:8659): Generando lista de archivos swap...
[INFO] 11:02:17:814 MEM/(8659:8659): Inicializando servidor con ip 127.0.0.1 y puerto 8002... 
[INFO] 11:02:17:814 MEM/(8659:8659): Socket creado y escuchando: 4!
[INFO] 11:04:12:747 MEM/(9067:9067): Logger creado!
[INFO] 11:04:12:748 MEM/(9067:9067): Configuracion cargada correctamente
[INFO] 11:04:12:749 MEM/(9067:9067): Memoria cargada correctamente!
[INFO] 11:04:12:749 MEM/(9067:9067): Generando estructuras globales de tablas de paginas...
[INFO] 11:04:12:749 MEM/(9067:9067): Estructuras globales de tablas de paginas creadas!
[INFO] 11:04:12:749 MEM/(9067:9067): Generando estructura auxiliar para manejo de frames...
[INFO] 11:04:12:749 MEM/(9067:9067): El módulo tiene 64 frames disponibles!
[INFO] 11:04:12:749 MEM/(9067:9067): Estructura auxiliar para manejo de frames creada!
[INFO] 11:04:12:749 MEM/(9067:9067): Generando lista de archivos swap...
[INFO] 11:04:12:754 MEM/(9067:9067): Inicializando servidor con ip 127.0.0.1 y puerto 8002... 
[INFO] 11:04:12:755 MEM/(9067:9067): Socket creado y escuchando: 4!
[INFO] 18:35:08:129 MEM/(4558:4558): Logger creado!
[INFO] 18:35:11:432 MEM/(4558:4558): Configuracion cargada correctamente
[INFO] 18:35:13:762 MEM/(4558:4558): Memoria cargada correctamente!
[INFO] 18:35:13:764 MEM/(4558:4558): Generando estructuras globales de tablas de paginas...
[INFO] 18:35:13:764 MEM/(4558:4558): Estructuras globales de tablas de paginas creadas!
[INFO] 18:35:13:764 MEM/(4558:4558): Generando estructura auxiliar para manejo de frames...
[INFO] 18:35:13:764 MEM/(4558:4558): El módulo tiene 64 frames disponibles!
[INFO] 18:35:13:764 MEM/(4558:4558): Estructura auxiliar para manejo de frames creada!
[INFO] 18:35:13:764 MEM/(4558:4558): Generando lista de archivos swap...
[INFO] 18:35:25:897 MEM/(4558:4558): Inicializando servidor con ip 127.0.0.1 y puerto 8002... 
[INFO] 18:36:04:615 MEM/(4558:4558): Socket creado y escuchando: 4!
[INFO] 18:37:24:008 MEM/(5000:5000): Logger creado!
[INFO] 18:37:24:382 MEM/(5000:5000): Configuracion cargada correctamente
[INFO] 18:37:25:403 MEM/(5000:5000): Memoria cargada correctamente!
[INFO] 18:37:25:403 MEM/(5000:5000): Generando estructuras globales de tablas de paginas...
[INFO] 18:37:25:403 MEM/(5000:5000): Estructuras globales de tablas de paginas creadas!
[INFO] 18:37:25:403 MEM/(5000:5000): Generando estructura auxiliar para manejo de frames...
[INFO] 18:37:25:403 MEM/(5000:5000): El módulo tiene 64 frames disponibles!
[INFO] 18:37:25:404 MEM/(5000:5000): Estructura auxiliar para manejo de frames creada!
[INFO] 18:37:25:404 MEM/(5000:5000): Generando lista de archivos swap...
[INFO] 18:37:34:545 MEM/(5000:5000): Inicializando servidor con ip 127.0.0.1 y puerto 8002... 
[INFO] 18:37:41:377 MEM/(5000:5000): Socket creado y escuchando: 4!
[INFO] 18:49:55:207 MEM/(7001:7001): Logger creado!
[INFO] 18:49:55:472 MEM/(7001:7001): Configuracion cargada correctamente
[INFO] 18:49:55:652 MEM/(7001:7001): Memoria cargada correctamente!
[INFO] 18:49:55:652 MEM/(7001:7001): Generando estructuras globales de tablas de paginas...
[INFO] 18:49:55:652 MEM/(7001:7001): Estructuras globales de tablas de paginas creadas!
[INFO] 18:49:55:653 MEM/(7001:7001): Generando estructura auxiliar para manejo de frames...
[INFO] 18:49:55:653 MEM/(7001:7001): El módulo tiene 64 frames disponibles!
[INFO] 18:49:55:653 MEM/(7001:7001): Estructura auxiliar para manejo de frames creada!
[INFO] 18:49:55:653 MEM/(7001:7001): Generando lista de archivos swap...
[INFO] 18:49:56:009 MEM/(7001:7001): Inicializando servidor con ip 127.0.0.1 y puerto 8002... 
[INFO] 18:49:56:009 MEM/(7001:7001): Listo para escuchar a KERNEL
[INFO] 18:49:56:009 MEM/(7001:7001): Socket creado y escuchando: 4!
[INFO] 18:51:24:023 MEM/(7282:7282): Logger creado!
[INFO] 18:51:24:407 MEM/(7282:7282): Configuracion cargada correctamente
[INFO] 18:51:24:991 MEM/(7282:7282): Memoria cargada correctamente!
[INFO] 18:51:24:991 MEM/(7282:7282): Generando estructuras globales de tablas de paginas...
[INFO] 18:51:24:991 MEM/(7282:7282): Estructuras globales de tablas de paginas creadas!
[INFO] 18:51:24:991 MEM/(7282:7282): Generando estructura auxiliar para manejo de frames...
[INFO] 18:51:24:991 MEM/(7282:7282): El módulo tiene 64 frames disponibles!
[INFO] 18:51:24:991 MEM/(7282:7282): Estructura auxiliar para manejo de frames creada!
[INFO] 18:51:24:992 MEM/(7282:7282): Generando lista de archivos swap...
[INFO] 18:51:25:522 MEM/(7282:7282): Inicializando servidor con ip 127.0.0.1 y puerto 8002... 
[INFO] 18:51:25:522 MEM/(7282:7282): Listo para escuchar a KERNEL
[INFO] 18:51:25:522 MEM/(7282:7282): Socket creado y escuchando: 4!
[INFO] 18:52:36:423 MEM/(7555:7555): Logger creado!
[INFO] 18:52:36:815 MEM/(7555:7555): Configuracion cargada correctamente
[INFO] 18:52:37:139 MEM/(7555:7555): Memoria cargada correctamente!
[INFO] 18:52:37:139 MEM/(7555:7555): Generando estructuras globales de tablas de paginas...
[INFO] 18:52:37:139 MEM/(7555:7555): Estructuras globales de tablas de paginas creadas!
[INFO] 18:52:37:139 MEM/(7555:7555): Generando estructura auxiliar para manejo de frames...
[INFO] 18:52:37:140 MEM/(7555:7555): El módulo tiene 64 frames disponibles!
[INFO] 18:52:37:140 MEM/(7555:7555): Estructura auxiliar para manejo de frames creada!
[INFO] 18:52:37:140 MEM/(7555:7555): Generando lista de archivos swap...
[INFO] 18:52:37:543 MEM/(7555:7555): Inicializando servidor con ip 127.0.0.1 y puerto 8002... 
[INFO] 18:52:37:543 MEM/(7555:7555): Listo para escuchar a KERNEL
[INFO] 18:52:37:543 MEM/(7555:7555): Socket creado y escuchando: 4!
[INFO] 18:55:43:891 MEM/(8184:8184): Logger creado!
[INFO] 18:55:43:892 MEM/(8184:8184): Configuracion cargada correctamente
[INFO] 18:55:43:893 MEM/(8184:8184): Memoria cargada correctamente!
[INFO] 18:55:43:893 MEM/(8184:8184): Generando estructuras globales de tablas de paginas...
[INFO] 18:55:43:893 MEM/(8184:8184): Estructuras globales de tablas de paginas creadas!
[INFO] 18:55:43:893 MEM/(8184:8184): Generando estructura auxiliar para manejo de frames...
[INFO] 18:55:43:893 MEM/(8184:8184): El módulo tiene 64 frames disponibles!
[INFO] 18:55:43:893 MEM/(8184:8184): Estructura auxiliar para manejo de frames creada!
[INFO] 18:55:43:893 MEM/(8184:8184): Generando lista de archivos swap...
[INFO] 18:55:43:897 MEM/(8184:8184): Inicializando servidor con ip 127.0.0.1 y puerto 8002... 
[INFO] 18:55:43:897 MEM/(8184:8184): Socket creado y escuchando: 4!
[INFO] 18:56:38:063 MEM/(8184:8184): Recibido mensaje de KERNEL, create y detach thread correspondiente
[INFO] 18:58:10:055 MEM/(8184:8428): Escuchando mensaje de KERNEL
[INFO] 19:05:42:981 MEM/(9537:9537): Logger creado!
[INFO] 19:05:42:982 MEM/(9537:9537): Configuracion cargada correctamente
[INFO] 19:05:42:984 MEM/(9537:9537): Memoria cargada correctamente!
[INFO] 19:05:42:984 MEM/(9537:9537): Generando estructuras globales de tablas de paginas...
[INFO] 19:05:42:984 MEM/(9537:9537): Estructuras globales de tablas de paginas creadas!
[INFO] 19:05:42:984 MEM/(9537:9537): Generando estructura auxiliar para manejo de frames...
[INFO] 19:05:42:984 MEM/(9537:9537): El módulo tiene 64 frames disponibles!
[INFO] 19:05:42:984 MEM/(9537:9537): Estructura auxiliar para manejo de frames creada!
[INFO] 19:05:42:984 MEM/(9537:9537): Generando lista de archivos swap...
[INFO] 19:05:42:986 MEM/(9537:9537): Inicializando servidor con ip 127.0.0.1 y puerto 8002... 
[INFO] 19:05:42:987 MEM/(9537:9537): Socket creado y escuchando: 4!
[INFO] 19:06:55:537 MEM/(9719:9719): Logger creado!
[INFO] 19:06:56:660 MEM/(9719:9719): Configuracion cargada correctamente
[INFO] 19:06:56:663 MEM/(9719:9719): Memoria cargada correctamente!
[INFO] 19:06:56:663 MEM/(9719:9719): Generando estructuras globales de tablas de paginas...
[INFO] 19:06:56:663 MEM/(9719:9719): Estructuras globales de tablas de paginas creadas!
[INFO] 19:06:56:664 MEM/(9719:9719): Generando estructura auxiliar para manejo de frames...
[INFO] 19:06:56:664 MEM/(9719:9719): El módulo tiene 64 frames disponibles!
[INFO] 19:06:56:664 MEM/(9719:9719): Estructura auxiliar para manejo de frames creada!
[INFO] 19:06:56:664 MEM/(9719:9719): Generando lista de archivos swap...
[INFO] 19:06:56:665 MEM/(9719:9719): Inicializando servidor con ip 127.0.0.1 y puerto 8002... 
[INFO] 19:06:56:665 MEM/(9719:9719): Socket creado y escuchando: 4!
[INFO] 19:09:14:932 MEM/(10050:10050): Logger creado!
[INFO] 19:09:14:933 MEM/(10050:10050): Configuracion cargada correctamente
[INFO] 19:09:14:934 MEM/(10050:10050): Memoria cargada correctamente!
[INFO] 19:09:14:934 MEM/(10050:10050): Generando estructuras globales de tablas de paginas...
[INFO] 19:09:14:934 MEM/(10050:10050): Estructuras globales de tablas de paginas creadas!
[INFO] 19:09:14:934 MEM/(10050:10050): Generando estructura auxiliar para manejo de frames...
[INFO] 19:09:14:934 MEM/(10050:10050): El módulo tiene 64 frames disponibles!
[INFO] 19:09:14:934 MEM/(10050:10050): Estructura auxiliar para manejo de frames creada!
[INFO] 19:09:14:934 MEM/(10050:10050): Generando lista de archivos swap...
[INFO] 19:09:14:937 MEM/(10050:10050): Inicializando servidor con ip 127.0.0.1 y puerto 8002... 
[INFO] 19:09:14:937 MEM/(10050:10050): Socket creado y escuchando: 4!
[INFO] 19:10:33:486 MEM/(10232:10232): Logger creado!
[INFO] 19:10:33:487 MEM/(10232:10232): Configuracion cargada correctamente
[INFO] 19:10:33:488 MEM/(10232:10232): Memoria cargada correctamente!
[INFO] 19:10:33:488 MEM/(10232:10232): Generando estructuras globales de tablas de paginas...
[INFO] 19:10:33:488 MEM/(10232:10232): Estructuras globales de tablas de paginas creadas!
[INFO] 19:10:33:488 MEM/(10232:10232): Generando estructura auxiliar para manejo de frames...
[INFO] 19:10:33:488 MEM/(10232:10232): El módulo tiene 64 frames disponibles!
[INFO] 19:10:33:489 MEM/(10232:10232): Estructura auxiliar para manejo de frames creada!
[INFO] 19:10:33:489 MEM/(10232:10232): Generando lista de archivos swap...
[INFO] 19:10:33:492 MEM/(10232:10232): Inicializando servidor con ip 127.0.0.1 y puerto 8002... 
[INFO] 19:10:33:494 MEM/(10232:10232): Socket creado y escuchando: 4!
[INFO] 19:22:30:911 MEM/(11860:11860): Logger creado!
[INFO] 19:22:30:941 MEM/(11860:11860): Configuracion cargada correctamente
[INFO] 19:22:30:943 MEM/(11860:11860): Memoria cargada correctamente!
[INFO] 19:22:30:943 MEM/(11860:11860): Generando estructuras globales de tablas de paginas...
[INFO] 19:22:30:943 MEM/(11860:11860): Estructuras globales de tablas de paginas creadas!
[INFO] 19:22:30:943 MEM/(11860:11860): Generando estructura auxiliar para manejo de frames...
[INFO] 19:22:30:943 MEM/(11860:11860): El módulo tiene 64 frames disponibles!
[INFO] 19:22:30:943 MEM/(11860:11860): Estructura auxiliar para manejo de frames creada!
[INFO] 19:22:30:943 MEM/(11860:11860): Generando lista de archivos swap...
[INFO] 19:22:30:945 MEM/(11860:11860): Inicializando servidor con ip 127.0.0.1 y puerto 8002... 
[INFO] 19:22:30:946 MEM/(11860:11860): Socket creado y escuchando: 4!
[INFO] 19:26:04:145 MEM/(12200:12200): Logger creado!
[INFO] 19:26:04:149 MEM/(12200:12200): Configuracion cargada correctamente
[INFO] 19:26:04:153 MEM/(12200:12200): Memoria cargada correctamente!
[INFO] 19:26:04:153 MEM/(12200:12200): Generando estructuras globales de tablas de paginas...
[INFO] 19:26:04:153 MEM/(12200:12200): Estructuras globales de tablas de paginas creadas!
[INFO] 19:26:04:153 MEM/(12200:12200): Generando estructura auxiliar para manejo de frames...
[INFO] 19:26:04:153 MEM/(12200:12200): El módulo tiene 64 frames disponibles!
[INFO] 19:26:04:154 MEM/(12200:12200): Estructura auxiliar para manejo de frames creada!
[INFO] 19:26:04:154 MEM/(12200:12200): Generando lista de archivos swap...
[INFO] 19:26:04:159 MEM/(12200:12200): Inicializando servidor con ip 127.0.0.1 y puerto 8002... 
[INFO] 19:26:04:159 MEM/(12200:12200): Socket creado y escuchando: 4!
[INFO] 19:33:58:511 MEM/(13289:13289): Logger creado!
[INFO] 19:33:58:513 MEM/(13289:13289): Configuracion cargada correctamente
[INFO] 19:33:58:517 MEM/(13289:13289): Memoria cargada correctamente!
[INFO] 19:33:58:517 MEM/(13289:13289): Generando estructuras globales de tablas de paginas...
[INFO] 19:33:58:517 MEM/(13289:13289): Estructuras globales de tablas de paginas creadas!
[INFO] 19:33:58:517 MEM/(13289:13289): Generando estructura auxiliar para manejo de frames...
[INFO] 19:33:58:517 MEM/(13289:13289): El módulo tiene 64 frames disponibles!
[INFO] 19:33:58:517 MEM/(13289:13289): Estructura auxiliar para manejo de frames creada!
[INFO] 19:33:58:517 MEM/(13289:13289): Generando lista de archivos swap...
[INFO] 19:33:58:519 MEM/(13289:13289): Inicializando servidor con ip 127.0.0.1 y puerto 8002... 
[INFO] 19:33:58:519 MEM/(13289:13289): Socket creado y escuchando: 4!
[INFO] 19:36:39:816 MEM/(13289:13289): Recibido mensaje de CPU, create y detach thread correspondiente
[INFO] 19:36:41:525 MEM/(13289:13617): Escuchando mensaje de CPU
[INFO] 19:39:26:012 MEM/(13941:13941): Logger creado!
[INFO] 19:39:26:013 MEM/(13941:13941): Configuracion cargada correctamente
[INFO] 19:39:26:015 MEM/(13941:13941): Memoria cargada correctamente!
[INFO] 19:39:26:015 MEM/(13941:13941): Generando estructuras globales de tablas de paginas...
[INFO] 19:39:26:015 MEM/(13941:13941): Estructuras globales de tablas de paginas creadas!
[INFO] 19:39:26:015 MEM/(13941:13941): Generando estructura auxiliar para manejo de frames...
[INFO] 19:39:26:015 MEM/(13941:13941): El módulo tiene 64 frames disponibles!
[INFO] 19:39:26:015 MEM/(13941:13941): Estructura auxiliar para manejo de frames creada!
[INFO] 19:39:26:015 MEM/(13941:13941): Generando lista de archivos swap...
[INFO] 19:39:26:020 MEM/(13941:13941): Inicializando servidor con ip 127.0.0.1 y puerto 8002... 
[INFO] 19:39:26:020 MEM/(13941:13941): Socket creado y escuchando: 4!
[INFO] 19:40:31:463 MEM/(14124:14124): Logger creado!
[INFO] 19:40:31:465 MEM/(14124:14124): Configuracion cargada correctamente
[INFO] 19:40:31:470 MEM/(14124:14124): Memoria cargada correctamente!
[INFO] 19:40:31:471 MEM/(14124:14124): Generando estructuras globales de tablas de paginas...
[INFO] 19:40:31:471 MEM/(14124:14124): Estructuras globales de tablas de paginas creadas!
[INFO] 19:40:31:471 MEM/(14124:14124): Generando estructura auxiliar para manejo de frames...
[INFO] 19:40:31:471 MEM/(14124:14124): El módulo tiene 64 frames disponibles!
[INFO] 19:40:31:471 MEM/(14124:14124): Estructura auxiliar para manejo de frames creada!
[INFO] 19:40:31:473 MEM/(14124:14124): Generando lista de archivos swap...
[INFO] 19:40:31:477 MEM/(14124:14124): Inicializando servidor con ip 127.0.0.1 y puerto 8002... 
[INFO] 19:40:31:477 MEM/(14124:14124): Socket creado y escuchando: 4!
[INFO] 19:41:21:007 MEM/(14124:14124): Recibido mensaje de CPU, create y detach thread correspondiente
[INFO] 19:41:22:483 MEM/(14124:14256): Escuchando mensaje de CPU
[INFO] 18:33:20:605 MEM/(10119:10119): Logger creado!
[INFO] 18:33:20:605 MEM/(10119:10119): Configuracion cargada correctamente
[INFO] 18:33:20:606 MEM/(10119:10119): Memoria cargada correctamente!
[INFO] 18:33:20:606 MEM/(10119:10119): Generando estructuras globales de tablas de paginas...
[INFO] 18:33:20:606 MEM/(10119:10119): Estructuras globales de tablas de paginas creadas!
[INFO] 18:33:20:606 MEM/(10119:10119): Generando estructura auxiliar para manejo de frames...
[INFO] 18:33:20:606 MEM/(10119:10119): El módulo tiene 64 frames disponibles!
[INFO] 18:33:20:606 MEM/(10119:10119): Estructura auxiliar para manejo de frames creada!
[INFO] 18:33:20:606 MEM/(10119:10119): Generando lista de archivos swap...
[INFO] 18:33:20:607 MEM/(10119:10119): Inicializando servidor con ip 127.0.0.1 y puerto 8002... 
[INFO] 18:33:20:607 MEM/(10119:10119): Socket creado y escuchando!
[INFO] 18:33:36:014 MEM/(10119:10119): Recibido mensaje de CPU, create y detach thread correspondiente
[INFO] 18:33:36:031 MEM/(10119:10219): Escuchando mensaje de CPU
[INFO] 18:33:57:238 MEM/(10119:10119): Recibido mensaje de KERNEL, create y detach thread correspondiente
[INFO] 18:33:57:253 MEM/(10119:10318): Escuchando mensaje de KERNEL
[INFO] 18:35:16:948 MEM/(10119:10318): Inicializando proceso con pcb id 10 y size 15...
[INFO] 18:35:16:948 MEM/(10119:10318): Inicializando proceso size 15 pid 10
[INFO] 18:35:16:948 MEM/(10119:10318): Creando tablas de primer nivel para proceso pid 10
[INFO] 18:35:16:949 MEM/(10119:10318): Tablas de Paginas creadas para proceso pid 10 correctamente!
[INFO] 18:35:16:949 MEM/(10119:10318): Creando file swap para proceso 10 en /home/utnso/swap/10.swap
[INFO] 18:35:16:949 MEM/(10119:10318): Espacio swap creado correctamente!
[INFO] 18:35:17:949 MEM/(10119:10318): Inicializacion finalizada para proceso pid 10!
[INFO] 18:35:17:952 MEM/(10119:10318): Inicializando proceso con pcb id 20 y size 15...
[INFO] 18:35:17:952 MEM/(10119:10318): Inicializando proceso size 15 pid 20
[INFO] 18:35:17:952 MEM/(10119:10318): Creando tablas de primer nivel para proceso pid 20
[INFO] 18:35:17:952 MEM/(10119:10318): Tablas de Paginas creadas para proceso pid 20 correctamente!
[INFO] 18:35:17:953 MEM/(10119:10318): Creando file swap para proceso 20 en /home/utnso/swap/20.swap
[INFO] 18:35:17:953 MEM/(10119:10318): Espacio swap creado correctamente!
[INFO] 18:35:18:953 MEM/(10119:10318): Inicializacion finalizada para proceso pid 20!
[INFO] 18:36:04:456 MEM/(10119:10318): Inicializando proceso con pcb id 1768120698 y size 1768710505...
[INFO] 18:36:04:456 MEM/(10119:10318): Inicializando proceso size 1768710505 pid 1768120698
[INFO] 18:36:04:456 MEM/(10119:10318): Creando tablas de primer nivel para proceso pid 1768120698
[INFO] 18:36:04:456 MEM/(10119:10318): Tablas de Paginas creadas para proceso pid 1768120698 correctamente!
[INFO] 18:36:04:456 MEM/(10119:10318): Creando file swap para proceso 1768120698 en /home/utnso/swap/1768120698.swap
[INFO] 18:36:04:461 MEM/(10119:10318): Espacio swap creado correctamente!
