[INFO] 13:25:20:511 CPU/(19845:19845): Listo para escuchar a KERNEL - Dispatch
[INFO] 13:28:22:280 CPU/(20290:20290): Listo para escuchar a KERNEL - Dispatch
[INFO] 13:28:43:195 CPU/(20290:20290): KERNEL DISPATCH 5
[INFO] 13:29:40:965 CPU/(20568:20568): Listo para escuchar a KERNEL - Dispatch
[INFO] 13:31:28:252 CPU/(20873:20873): Listo para escuchar a KERNEL - Dispatch
[INFO] 13:31:28:948 CPU/(20873:20873): Listo para escuchar a KERNEL - Interrupt
[INFO] 13:31:53:341 CPU/(20873:20873): KERNEL DISPATCH 6
[INFO] 13:32:03:552 CPU/(20873:20873): KERNEL INTERRUPT 7
[INFO] 13:37:43:410 CPU/(21854:21854): Listo para escuchar a KERNEL - Dispatch
[INFO] 13:38:18:858 CPU/(21854:21874): KERNEL DISPATCH INICIALIZADO 5
[INFO] 19:17:58:820 CPU/(10565:10565): Listo para escuchar a KERNEL - Dispatch
[INFO] 19:17:59:775 CPU/(10565:10565): Listo para escuchar a KERNEL - Interrupt
[INFO] 19:18:24:069 CPU/(10565:10594): KERNEL DISPATCH INICIALIZADO 6
[INFO] 19:18:24:069 CPU/(10565:10594): ESPERANDO PCB
[INFO] 19:18:24:069 CPU/(10565:10596): KERNEL INTERRUPT INICIALIZADO 7
[WARNING] 19:18:24:069 CPU/(10565:10596): ESPERANDO INTERRUPCION
[WARNING] 19:18:34:070 CPU/(10565:10596): ESPERANDO INTERRUPCION
[WARNING] 19:18:44:070 CPU/(10565:10596): ESPERANDO INTERRUPCION
[WARNING] 19:18:54:071 CPU/(10565:10596): ESPERANDO INTERRUPCION
[WARNING] 19:19:04:072 CPU/(10565:10596): ESPERANDO INTERRUPCION
[WARNING] 19:19:14:073 CPU/(10565:10596): ESPERANDO INTERRUPCION
[WARNING] 19:19:24:073 CPU/(10565:10596): ESPERANDO INTERRUPCION
[WARNING] 19:19:34:073 CPU/(10565:10596): ESPERANDO INTERRUPCION
[WARNING] 19:19:44:074 CPU/(10565:10596): ESPERANDO INTERRUPCION
[WARNING] 19:19:54:079 CPU/(10565:10596): ESPERANDO INTERRUPCION
[INFO] 19:06:19:254 CPU/(9598:9598): Listo para escuchar a KERNEL - Dispatch
[INFO] 19:06:19:958 CPU/(9598:9598): Listo para escuchar a KERNEL - Interrupt
[INFO] 19:10:02:533 CPU/(10105:10105): Listo para escuchar a KERNEL - Dispatch
[INFO] 19:10:03:684 CPU/(10105:10105): Listo para escuchar a KERNEL - Interrupt
[INFO] 19:41:45:147 CPU/(14085:14085): Listo para escuchar a KERNEL - Dispatch
[INFO] 19:41:46:155 CPU/(14085:14085): Listo para escuchar a KERNEL - Interrupt
[INFO] 18:33:40:718 CPU/(10192:10192): Listo para escuchar a KERNEL - Dispatch
[INFO] 18:33:41:145 CPU/(10192:10192): Listo para escuchar a KERNEL - Interrupt
[INFO] 18:33:57:238 CPU/(10192:10239): KERNEL DISPATCH INICIALIZADO 7
[INFO] 18:33:57:239 CPU/(10192:10239): ESPERANDO PCB
[INFO] 18:33:57:239 CPU/(10192:10244): KERNEL INTERRUPT INICIALIZADO 8
[INFO] 01:33:31:498 CPU/(5793:5793): Listo para escuchar a KERNEL - Dispatch
[INFO] 01:33:32:282 CPU/(5793:5793): Listo para escuchar a KERNEL - Interrupt
[INFO] 01:33:46:345 CPU/(5793:5822): KERNEL DISPATCH INICIALIZADO 7
[INFO] 01:33:46:345 CPU/(5793:5822): ESPERANDO PCB
[INFO] 01:33:46:348 CPU/(5793:5825): KERNEL INTERRUPT INICIALIZADO 8
[INFO] 01:36:04:526 CPU/(5793:5822): NO_OP
[INFO] 01:36:41:627 CPU/(5793:5822): NO_OP
[INFO] 01:36:56:916 CPU/(5793:5822): NO_OP
[INFO] 01:38:36:420 CPU/(5793:5822): IO 3000
[DEBUG] 01:38:40:674 CPU/(5793:5822): ********Enviando PCB ID 0 a KERNEL********
[INFO] 01:38:59:374 CPU/(5793:5822): ESPERANDO PCB
[INFO] 01:39:21:859 CPU/(5793:5822): NO_OP
[INFO] 01:39:26:452 CPU/(5793:5822): NO_OP
[INFO] 01:39:32:170 CPU/(5793:5822): NO_OP
[INFO] 01:40:33:322 CPU/(5793:5822): ESPERANDO RECIBIR RESPUESTA DE MEMORIA
[INFO] 01:41:22:933 CPU/(5793:5822): ESPERANDO RECIBIR id tabla 2do Nivel DE MEMORIA
[INFO] 01:41:27:996 CPU/(5793:5822): ENTRE A MMU 1
[INFO] 01:43:04:348 CPU/(6131:6131): Listo para escuchar a KERNEL - Dispatch
[INFO] 01:43:04:348 CPU/(6131:6131): Listo para escuchar a KERNEL - Interrupt
[INFO] 01:43:07:617 CPU/(6131:6142): KERNEL DISPATCH INICIALIZADO 7
[INFO] 01:43:07:617 CPU/(6131:6142): ESPERANDO PCB
[INFO] 01:43:07:617 CPU/(6131:6143): KERNEL INTERRUPT INICIALIZADO 8
[INFO] 01:43:23:069 CPU/(6131:6142): NO_OP
[INFO] 01:43:24:069 CPU/(6131:6142): NO_OP
[INFO] 01:43:25:070 CPU/(6131:6142): NO_OP
[INFO] 01:43:25:074 CPU/(6131:6142): IO 3000
[DEBUG] 01:43:25:074 CPU/(6131:6142): ********Enviando PCB ID 0 a KERNEL********
[INFO] 01:43:25:074 CPU/(6131:6142): ESPERANDO PCB
[INFO] 01:43:29:076 CPU/(6131:6142): NO_OP
[INFO] 01:43:30:076 CPU/(6131:6142): NO_OP
[INFO] 01:43:31:077 CPU/(6131:6142): NO_OP
[INFO] 01:43:31:077 CPU/(6131:6142): ESPERANDO RECIBIR RESPUESTA DE MEMORIA
[INFO] 01:43:31:077 CPU/(6131:6142): ESPERANDO RECIBIR id tabla 2do Nivel DE MEMORIA
[INFO] 01:43:32:078 CPU/(6131:6142): ENTRE A MMU 1
[INFO] 01:48:06:595 CPU/(6335:6335): Listo para escuchar a KERNEL - Dispatch
[INFO] 01:48:06:678 CPU/(6335:6335): Listo para escuchar a KERNEL - Interrupt
[INFO] 01:48:10:377 CPU/(6335:6347): KERNEL DISPATCH INICIALIZADO 7
[INFO] 01:48:10:377 CPU/(6335:6347): ESPERANDO PCB
[INFO] 01:48:10:377 CPU/(6335:6348): KERNEL INTERRUPT INICIALIZADO 8
[INFO] 01:48:30:365 CPU/(6335:6347): NO_OP
[INFO] 01:48:31:365 CPU/(6335:6347): NO_OP
[INFO] 01:48:32:366 CPU/(6335:6347): NO_OP
[INFO] 01:48:32:366 CPU/(6335:6347): IO 3000
[DEBUG] 01:48:32:366 CPU/(6335:6347): ********Enviando PCB ID 0 a KERNEL********
[INFO] 01:48:32:367 CPU/(6335:6347): ESPERANDO PCB
[INFO] 01:48:36:369 CPU/(6335:6347): NO_OP
[INFO] 01:48:37:369 CPU/(6335:6347): NO_OP
[INFO] 01:48:38:370 CPU/(6335:6347): NO_OP
[INFO] 01:48:38:370 CPU/(6335:6347): ESPERANDO RECIBIR RESPUESTA DE MEMORIA
[INFO] 01:48:38:370 CPU/(6335:6347): ESPERANDO RECIBIR id tabla 2do Nivel DE MEMORIA
[INFO] 01:48:39:371 CPU/(6335:6347): ENTRE A MMU 1
[INFO] 01:48:54:269 CPU/(6335:6347): El id no está en la TLB: 1
[INFO] 01:48:55:655 CPU/(6335:6347): ESPERANDO RECIBIR Marco DE MEMORIA
[INFO] 01:49:00:643 CPU/(6335:6347): La entrada con página 1 y marco 0 ha sido agregada. No fue necesario reemplazar.
[INFO] 01:49:00:643 CPU/(6335:6347): Direccion fisica obtenida (Marco: 0, Desplazamiento: 0)
[INFO] 01:49:00:643 CPU/(6335:6347): ESPERANDO RECIBIR RESPUESTA DE MEMORIA
