[INFO] 16:16:04:371 Kernel/(7062:7062): CREE EL LOG
[INFO] 16:18:00:240 Kernel/(7394:7394): MI LOG ANDA
[INFO] 16:22:21:831 Kernel/(8067:8067): UN DATO DE MI CONFIG: 8002 
[INFO] 16:33:25:198 Kernel/(9602:9602): LOG Y CONFIG ANDANDO 
[INFO] 16:33:40:391 Kernel/(9663:9663): LOG Y CONFIG ANDANDO 
[INFO] 16:34:23:261 Kernel/(9802:9802): LOG Y CONFIG ANDANDO 
[INFO] 16:35:08:676 Kernel/(9952:9952): LOG Y CONFIG ANDANDO 
[INFO] 16:35:59:253 Kernel/(10106:10106): LOG Y CONFIG ANDANDO 
[INFO] 16:36:50:443 Kernel/(10279:10279): LOG Y CONFIG ANDANDO 
[INFO] 16:37:27:503 Kernel/(10405:10405): LOG Y CONFIG ANDANDO 
[INFO] 16:37:27:508 Kernel/(10405:10405): PROCESO
[INFO] 16:37:27:508 Kernel/(10405:10405): INST
[INFO] 16:37:40:364 Kernel/(10456:10456): LOG Y CONFIG ANDANDO 
[INFO] 16:37:40:373 Kernel/(10456:10456): PROCESO
[INFO] 16:37:40:374 Kernel/(10456:10456): INST
[INFO] 16:37:57:868 Kernel/(10523:10523): LOG Y CONFIG ANDANDO 
[INFO] 16:37:57:872 Kernel/(10523:10523): PROCESO
[INFO] 16:37:57:872 Kernel/(10523:10523): INST
[INFO] 16:38:09:778 Kernel/(10575:10575): LOG Y CONFIG ANDANDO 
[INFO] 16:38:09:784 Kernel/(10575:10575): PROCESO
[INFO] 16:38:09:784 Kernel/(10575:10575): INST
[INFO] 16:38:16:335 Kernel/(10612:10612): LOG Y CONFIG ANDANDO 
[INFO] 16:38:16:340 Kernel/(10612:10612): PROCESO
[INFO] 16:38:16:340 Kernel/(10612:10612): INST
[INFO] 16:38:50:093 Kernel/(10722:10722): LOG Y CONFIG ANDANDO 
[INFO] 16:38:50:098 Kernel/(10722:10722): PROCESO
[INFO] 16:38:50:098 Kernel/(10722:10722): INST
[INFO] 16:38:56:714 Kernel/(10762:10762): LOG Y CONFIG ANDANDO 
[INFO] 16:38:56:718 Kernel/(10762:10762): PROCESO
[INFO] 16:38:56:718 Kernel/(10762:10762): INST
[INFO] 16:40:01:021 Kernel/(10950:10950): LOG Y CONFIG ANDANDO 
[INFO] 16:40:01:026 Kernel/(10950:10950): PROCESO
[INFO] 16:40:01:026 Kernel/(10950:10950): INST
[INFO] 16:40:27:603 Kernel/(11057:11057): LOG Y CONFIG ANDANDO 
[INFO] 16:40:27:608 Kernel/(11057:11057): PROCESO
[INFO] 16:40:27:608 Kernel/(11057:11057): INST
[INFO] 16:40:27:608 Kernel/(11057:11057): INST1
[INFO] 16:41:14:004 Kernel/(11179:11179): LOG Y CONFIG ANDANDO 
[INFO] 16:41:14:008 Kernel/(11179:11179): INST1
[INFO] 16:41:35:705 Kernel/(11257:11257): LOG Y CONFIG ANDANDO 
[INFO] 16:41:35:708 Kernel/(11257:11257): INST1
[INFO] 16:42:17:590 Kernel/(11406:11406): LOG Y CONFIG ANDANDO 
[INFO] 16:42:17:601 Kernel/(11406:11406): ANDA INST1
[INFO] 16:43:19:535 Kernel/(11590:11590): LOG Y CONFIG ANDANDO 
[INFO] 16:43:37:330 Kernel/(11676:11676): LOG Y CONFIG ANDANDO 
[INFO] 16:43:53:597 Kernel/(11756:11756): LOG Y CONFIG ANDANDO 
[INFO] 16:44:04:571 Kernel/(11805:11805): LOG Y CONFIG ANDANDO 
[INFO] 16:44:04:577 Kernel/(11805:11805): ANDAN INSTRUCCIONES
[INFO] 16:44:15:007 Kernel/(11861:11861): LOG Y CONFIG ANDANDO 
[INFO] 16:44:15:011 Kernel/(11861:11861): ANDAN INSTRUCCIONES
[INFO] 16:44:22:972 Kernel/(11911:11911): LOG Y CONFIG ANDANDO 
[INFO] 16:44:46:026 Kernel/(11998:11998): LOG Y CONFIG ANDANDO 
[INFO] 16:45:00:839 Kernel/(12083:12083): LOG Y CONFIG ANDANDO 
[INFO] 16:45:00:848 Kernel/(12083:12083): ANDAN INSTRUCCIONES
[INFO] 16:45:32:221 Kernel/(12181:12181): LOG Y CONFIG ANDANDO 
[INFO] 16:45:32:222 Kernel/(12181:12181): ANDAN INSTRUCCIONES
[INFO] 16:45:39:439 Kernel/(12229:12229): LOG Y CONFIG ANDANDO 
[INFO] 16:45:39:440 Kernel/(12229:12229): ANDAN INSTRUCCIONES
[INFO] 16:45:58:074 Kernel/(12321:12321): LOG Y CONFIG ANDANDO 
[INFO] 16:46:11:448 Kernel/(12371:12371): LOG Y CONFIG ANDANDO 
[INFO] 16:47:13:280 Kernel/(12559:12559): LOG Y CONFIG ANDANDO 
[INFO] 16:47:13:282 Kernel/(12559:12559): ANDAN INSTRUCCIONES
[INFO] 16:47:40:270 Kernel/(12668:12668): LOG Y CONFIG ANDANDO 
[INFO] 16:47:40:275 Kernel/(12668:12668): ANDAN INSTRUCCIONES
[INFO] 16:48:41:775 Kernel/(12837:12837): LOG Y CONFIG ANDANDO 
[INFO] 16:48:41:776 Kernel/(12837:12837): ANDAN INSTRUCCIONES
[INFO] 16:48:41:776 Kernel/(12837:12837): HOLAAA
[INFO] 16:49:16:481 Kernel/(12943:12943): LOG Y CONFIG ANDANDO 
[INFO] 16:49:16:484 Kernel/(12943:12943): ANDAN INSTRUCCIONES
[INFO] 16:49:16:485 Kernel/(12943:12943): HOLAAA
[INFO] 16:49:23:983 Kernel/(12989:12989): LOG Y CONFIG ANDANDO 
[INFO] 16:49:23:992 Kernel/(12989:12989): ANDAN INSTRUCCIONES
[INFO] 16:49:23:992 Kernel/(12989:12989): HOLAAA
[INFO] 16:49:53:391 Kernel/(13110:13110): LOG Y CONFIG ANDANDO 
[INFO] 16:49:53:391 Kernel/(13110:13110): ANDAN INSTRUCCIONES
[INFO] 16:49:53:391 Kernel/(13110:13110): HOLAAA
[INFO] 16:50:29:158 Kernel/(13256:13256): LOG Y CONFIG ANDANDO 
[INFO] 16:50:29:164 Kernel/(13256:13256): ANDAN INSTRUCCIONES
[INFO] 16:50:29:164 Kernel/(13256:13256): HOLAAA
[INFO] 16:50:41:542 Kernel/(13327:13327): LOG Y CONFIG ANDANDO 
[INFO] 16:50:41:544 Kernel/(13327:13327): ANDAN INSTRUCCIONES
[INFO] 16:50:41:544 Kernel/(13327:13327): HOLAAA
[INFO] 16:51:08:752 Kernel/(13435:13435): LOG Y CONFIG ANDANDO 
[INFO] 16:51:08:760 Kernel/(13435:13435): ANDAN INSTRUCCIONES
[INFO] 16:51:08:760 Kernel/(13435:13435): HOLAAA
[INFO] 16:51:08:761 Kernel/(13435:13435): Se agrego correctamente el Proceso de ID: 0
[INFO] 16:51:08:761 Kernel/(13435:13435): HOLAAA
[INFO] 16:51:08:761 Kernel/(13435:13435): Se agrego correctamente el Proceso de ID: 2
[INFO] 16:51:08:761 Kernel/(13435:13435): PUDE OBTENER PCB ID : 0 
[INFO] 16:51:42:243 Kernel/(13557:13557): LOG Y CONFIG ANDANDO 
[INFO] 16:51:42:247 Kernel/(13557:13557): ANDAN INSTRUCCIONES
[INFO] 16:51:42:247 Kernel/(13557:13557): Se agrego correctamente el Proceso de ID: 0
[INFO] 16:51:42:247 Kernel/(13557:13557): Se agrego correctamente el Proceso de ID: 1
[INFO] 16:51:42:247 Kernel/(13557:13557): Se agrego correctamente el Proceso de ID: 2
[INFO] 16:51:42:247 Kernel/(13557:13557): PUDE OBTENER PCB ID : 0 
[INFO] 16:53:53:309 Kernel/(13894:13894): LOG Y CONFIG ANDANDO 
[INFO] 16:53:53:309 Kernel/(13894:13894): ANDAN INSTRUCCIONES
[INFO] 16:53:53:310 Kernel/(13894:13894): Se agrego correctamente el Proceso de ID: 0
[INFO] 16:53:53:310 Kernel/(13894:13894): Se agrego correctamente el Proceso de ID: 1
[INFO] 16:53:53:310 Kernel/(13894:13894): Se agrego correctamente el Proceso de ID: 2
[INFO] 16:53:53:310 Kernel/(13894:13894): PUDE OBTENER PCB ID : 0 
[INFO] 16:54:02:063 Kernel/(13934:13934): LOG Y CONFIG ANDANDO 
[INFO] 16:54:02:068 Kernel/(13934:13934): ANDAN INSTRUCCIONES
[INFO] 16:54:02:068 Kernel/(13934:13934): Se agrego correctamente el Proceso de ID: 0
[INFO] 16:54:02:068 Kernel/(13934:13934): Se agrego correctamente el Proceso de ID: 1
[INFO] 16:54:02:068 Kernel/(13934:13934): Se agrego correctamente el Proceso de ID: 2
[INFO] 16:54:02:069 Kernel/(13934:13934): PUDE OBTENER PCB ID : 0 
[INFO] 16:54:34:255 Kernel/(14046:14046): LOG Y CONFIG ANDANDO 
[INFO] 16:54:34:260 Kernel/(14046:14046): ANDAN INSTRUCCIONES
[INFO] 16:54:34:264 Kernel/(14046:14046): Se agrego correctamente el Proceso de ID: 0
[INFO] 16:54:34:264 Kernel/(14046:14046): Se agrego correctamente el Proceso de ID: 1
[INFO] 16:54:34:264 Kernel/(14046:14046): Se agrego correctamente el Proceso de ID: 2
[INFO] 16:54:34:264 Kernel/(14046:14046): PUDE OBTENER PCB ID : 0 
[INFO] 16:55:39:264 Kernel/(14232:14232): LOG Y CONFIG ANDANDO 
[INFO] 16:55:39:264 Kernel/(14232:14232): ANDAN INSTRUCCIONES
[INFO] 16:55:39:265 Kernel/(14232:14232): Se agrego correctamente el Proceso de ID: 0
[INFO] 16:55:39:265 Kernel/(14232:14232): Se agrego correctamente el Proceso de ID: 1
[INFO] 16:55:39:265 Kernel/(14232:14232): Se agrego correctamente el Proceso de ID: 2
[INFO] 16:55:39:265 Kernel/(14232:14232): PUDE OBTENER PCB ID : 0 
[INFO] 16:55:50:203 Kernel/(14278:14278): LOG Y CONFIG ANDANDO 
[INFO] 16:55:50:204 Kernel/(14278:14278): ANDAN INSTRUCCIONES
[INFO] 16:55:50:207 Kernel/(14278:14278): Se agrego correctamente el Proceso de ID: 0
[INFO] 16:55:50:207 Kernel/(14278:14278): Se agrego correctamente el Proceso de ID: 1
[INFO] 16:55:50:207 Kernel/(14278:14278): Se agrego correctamente el Proceso de ID: 2
[INFO] 16:55:50:208 Kernel/(14278:14278): PUDE OBTENER PCB ID : 0 
[INFO] 16:55:57:659 Kernel/(14320:14320): LOG Y CONFIG ANDANDO 
[INFO] 16:55:57:661 Kernel/(14320:14320): ANDAN INSTRUCCIONES
[INFO] 16:55:57:661 Kernel/(14320:14320): Se agrego correctamente el Proceso de ID: 0
[INFO] 16:55:57:661 Kernel/(14320:14320): Se agrego correctamente el Proceso de ID: 1
[INFO] 16:55:57:661 Kernel/(14320:14320): Se agrego correctamente el Proceso de ID: 2
[INFO] 16:55:57:661 Kernel/(14320:14320): PUDE OBTENER PCB ID : 0 
[INFO] 16:56:20:828 Kernel/(14420:14420): LOG Y CONFIG ANDANDO 
[INFO] 16:56:20:833 Kernel/(14420:14420): ANDAN INSTRUCCIONES
[INFO] 16:56:20:834 Kernel/(14420:14420): Se agrego correctamente el Proceso de ID: 0
[INFO] 16:56:20:834 Kernel/(14420:14420): Se agrego correctamente el Proceso de ID: 1
[INFO] 16:56:20:834 Kernel/(14420:14420): Se agrego correctamente el Proceso de ID: 2
[INFO] 16:56:20:834 Kernel/(14420:14420): 2
[INFO] 16:56:20:834 Kernel/(14420:14420): PUDE OBTENER PCB ID : 0 
[INFO] 16:58:06:967 Kernel/(14691:14691): LOG Y CONFIG ANDANDO 
[INFO] 16:58:06:973 Kernel/(14691:14691): ANDAN INSTRUCCIONES
[INFO] 16:58:06:980 Kernel/(14691:14691): Se agrego correctamente el Proceso de ID: 0
[INFO] 16:58:06:980 Kernel/(14691:14691): 4
[INFO] 16:58:06:980 Kernel/(14691:14691): PUDE OBTENER PCB ID : 0 
[INFO] 16:58:20:517 Kernel/(14763:14763): LOG Y CONFIG ANDANDO 
[INFO] 16:58:20:518 Kernel/(14763:14763): ANDAN INSTRUCCIONES
[INFO] 16:58:20:518 Kernel/(14763:14763): Se agrego correctamente el Proceso de ID: 0
[INFO] 16:58:20:518 Kernel/(14763:14763): Se agrego correctamente el Proceso de ID: 2
[INFO] 16:58:20:518 Kernel/(14763:14763): 2
[INFO] 16:58:20:518 Kernel/(14763:14763): PUDE OBTENER PCB ID : 0 
[INFO] 16:58:53:144 Kernel/(14878:14878): LOG Y CONFIG ANDANDO 
[INFO] 16:58:53:150 Kernel/(14878:14878): ANDAN INSTRUCCIONES
[INFO] 16:58:53:150 Kernel/(14878:14878): Se agrego correctamente el Proceso de ID: 2
[INFO] 16:58:53:150 Kernel/(14878:14878): Se agrego correctamente el Proceso de ID: 0
[INFO] 16:58:53:150 Kernel/(14878:14878): 4
[INFO] 16:58:53:150 Kernel/(14878:14878): PUDE OBTENER PCB ID : 0 
[INFO] 16:59:45:882 Kernel/(15086:15086): LOG Y CONFIG ANDANDO 
[INFO] 16:59:45:884 Kernel/(15086:15086): ANDAN INSTRUCCIONES
[INFO] 16:59:45:884 Kernel/(15086:15086): Se agrego correctamente el Proceso de ID: 0
[INFO] 16:59:45:884 Kernel/(15086:15086): Se agrego correctamente el Proceso de ID: 2
[INFO] 16:59:45:884 Kernel/(15086:15086): 4
[INFO] 16:59:45:884 Kernel/(15086:15086): PUDE OBTENER PCB ID : 0 
[INFO] 16:59:45:884 Kernel/(15086:15086): PUDE OBTENER INST IDENT : NO_OP 
[INFO] 17:00:28:558 Kernel/(15256:15256): LOG Y CONFIG ANDANDO 
[INFO] 17:00:28:561 Kernel/(15256:15256): ANDAN INSTRUCCIONES
[INFO] 17:00:35:457 Kernel/(15297:15297): LOG Y CONFIG ANDANDO 
[INFO] 17:00:35:457 Kernel/(15297:15297): ANDAN INSTRUCCIONES
[INFO] 17:00:35:457 Kernel/(15297:15297): Se agrego correctamente el Proceso de ID: 0
[INFO] 17:00:35:457 Kernel/(15297:15297): Se agrego correctamente el Proceso de ID: 2
[INFO] 17:00:35:457 Kernel/(15297:15297): 4
[INFO] 17:00:35:457 Kernel/(15297:15297): PUDE OBTENER PCB ID : 0 
[INFO] 17:00:35:458 Kernel/(15297:15297): PUDE OBTENER INST IDENT : NO_OP 
[INFO] 17:00:53:646 Kernel/(15385:15385): LOG Y CONFIG ANDANDO 
[INFO] 17:00:53:648 Kernel/(15385:15385): ANDAN INSTRUCCIONES
[INFO] 17:00:53:649 Kernel/(15385:15385): Se agrego correctamente el Proceso de ID: 0
[INFO] 17:00:53:649 Kernel/(15385:15385): Se agrego correctamente el Proceso de ID: 2
[INFO] 17:00:53:649 Kernel/(15385:15385): 2
[INFO] 17:00:53:649 Kernel/(15385:15385): PUDE OBTENER PCB ID : 0 
[INFO] 17:02:13:467 Kernel/(15615:15615): LOG Y CONFIG ANDANDO 
[INFO] 17:02:13:472 Kernel/(15615:15615): ANDAN INSTRUCCIONES
[INFO] 17:02:13:473 Kernel/(15615:15615): Se agrego correctamente el Proceso de ID: 0
[INFO] 17:02:13:473 Kernel/(15615:15615): Se agrego correctamente el Proceso de ID: 2
[INFO] 17:02:13:473 Kernel/(15615:15615): 4
[INFO] 17:02:13:473 Kernel/(15615:15615): PUDE OBTENER PCB ID : 0 
[INFO] 17:02:13:473 Kernel/(15615:15615): PUDE OBTENER INST IDENT : NO_OP 
[INFO] 17:02:13:473 Kernel/(15615:15615): PUDE OBTENER INST PARAM : 3 
[INFO] 17:02:37:585 Kernel/(15709:15709): LOG Y CONFIG ANDANDO 
[INFO] 17:02:37:588 Kernel/(15709:15709): ANDAN INSTRUCCIONES
[INFO] 17:02:37:588 Kernel/(15709:15709): Se agrego correctamente el Proceso de ID: 0
[INFO] 17:02:37:588 Kernel/(15709:15709): Se agrego correctamente el Proceso de ID: 1
[INFO] 17:02:37:588 Kernel/(15709:15709): Se agrego correctamente el Proceso de ID: 2
[INFO] 17:02:37:588 Kernel/(15709:15709): 4
[INFO] 17:02:37:588 Kernel/(15709:15709): PUDE OBTENER PCB ID : 0 
[INFO] 17:02:37:590 Kernel/(15709:15709): PUDE OBTENER INST IDENT : NO_OP 
[INFO] 17:02:37:590 Kernel/(15709:15709): PUDE OBTENER INST PARAM : 3 
[INFO] 17:41:45:041 Kernel/(21521:21521): CONFIGURACION Y LOGGER CARGADOS
[INFO] 17:41:45:041 Kernel/(21521:21521): LISTAS INICIADAS
[INFO] 17:41:45:041 Kernel/(21521:21521): SEMAFOROS INICIADOS
[INFO] 17:42:23:172 Kernel/(21654:21654): CONFIGURACION Y LOGGER CARGADOS
[INFO] 17:42:23:173 Kernel/(21654:21654): LISTAS INICIADAS
[INFO] 17:42:23:173 Kernel/(21654:21654): SEMAFOROS INICIADOS
[INFO] 17:50:13:660 Kernel/(22731:22731): CONFIGURACION Y LOGGER CARGADOS
[INFO] 17:50:13:661 Kernel/(22731:22731): LISTAS INICIADAS
[INFO] 17:50:13:661 Kernel/(22731:22731): SEMAFOROS INICIADOS
[INFO] 17:50:28:893 Kernel/(22788:22788): CONFIGURACION Y LOGGER CARGADOS
[INFO] 17:50:28:896 Kernel/(22788:22788): LISTAS INICIADAS
[INFO] 17:50:28:896 Kernel/(22788:22788): SEMAFOROS INICIADOS
[INFO] 17:50:57:262 Kernel/(22894:22894): CONFIGURACION Y LOGGER CARGADOS
[INFO] 17:50:57:264 Kernel/(22894:22894): LISTAS INICIADAS
[INFO] 17:50:57:264 Kernel/(22894:22894): SEMAFOROS INICIADOS
[INFO] 17:50:57:264 Kernel/(22894:22894): HILO INICIADO
[INFO] 17:52:56:385 Kernel/(23181:23181): CONFIGURACION Y LOGGER CARGADOS
[INFO] 17:52:56:386 Kernel/(23181:23181): LISTAS INICIADAS
[INFO] 17:52:56:386 Kernel/(23181:23181): SEMAFOROS INICIADOS
[INFO] 17:52:56:386 Kernel/(23181:23181): HILO INICIADO
[INFO] 17:53:21:781 Kernel/(23281:23281): CONFIGURACION Y LOGGER CARGADOS
[INFO] 17:53:21:782 Kernel/(23281:23281): LISTAS INICIADAS
[INFO] 17:53:21:782 Kernel/(23281:23281): SEMAFOROS INICIADOS
[INFO] 17:53:21:782 Kernel/(23281:23281): HILO INICIADO
[INFO] 17:53:41:069 Kernel/(23371:23371): CONFIGURACION Y LOGGER CARGADOS
[INFO] 17:53:41:071 Kernel/(23371:23371): LISTAS INICIADAS
[INFO] 17:53:41:071 Kernel/(23371:23371): SEMAFOROS INICIADOS
[INFO] 17:55:34:909 Kernel/(23726:23726): CONFIGURACION Y LOGGER CARGADOS
[INFO] 17:55:34:912 Kernel/(23726:23726): LISTAS INICIADAS
[INFO] 17:55:34:912 Kernel/(23726:23726): SEMAFOROS INICIADOS
[INFO] 17:55:52:979 Kernel/(23800:23800): CONFIGURACION Y LOGGER CARGADOS
[INFO] 17:55:52:985 Kernel/(23800:23800): LISTAS INICIADAS
[INFO] 17:55:52:985 Kernel/(23800:23800): SEMAFOROS INICIADOS
[INFO] 17:55:56:835 Kernel/(23838:23838): CONFIGURACION Y LOGGER CARGADOS
[INFO] 17:55:56:840 Kernel/(23838:23838): LISTAS INICIADAS
[INFO] 17:55:56:840 Kernel/(23838:23838): SEMAFOROS INICIADOS
[INFO] 17:56:22:894 Kernel/(23954:23954): CONFIGURACION Y LOGGER CARGADOS
[INFO] 17:56:22:900 Kernel/(23954:23954): LISTAS INICIADAS
[INFO] 17:56:22:900 Kernel/(23954:23954): SEMAFOROS INICIADOS
[INFO] 17:58:33:138 Kernel/(24242:24242): CONFIGURACION Y LOGGER CARGADOS
[INFO] 17:58:33:139 Kernel/(24242:24242): LISTAS INICIADAS
[INFO] 17:58:33:139 Kernel/(24242:24242): SEMAFOROS INICIADOS
[INFO] 17:58:33:143 Kernel/(24242:24247): ESTOY EJECUTANDO LP
[INFO] 17:58:58:359 Kernel/(24345:24345): CONFIGURACION Y LOGGER CARGADOS
[INFO] 17:58:58:361 Kernel/(24345:24345): LISTAS INICIADAS
[INFO] 17:58:58:361 Kernel/(24345:24345): SEMAFOROS INICIADOS
[INFO] 17:59:58:941 Kernel/(24516:24516): CONFIGURACION Y LOGGER CARGADOS
[INFO] 17:59:58:941 Kernel/(24516:24516): LISTAS INICIADAS
[INFO] 17:59:58:944 Kernel/(24516:24516): SEMAFOROS INICIADOS
[INFO] 18:00:31:935 Kernel/(24635:24635): CONFIGURACION Y LOGGER CARGADOS
[INFO] 18:00:31:944 Kernel/(24635:24635): LISTAS INICIADAS
[INFO] 18:00:31:944 Kernel/(24635:24635): SEMAFOROS INICIADOS
[INFO] 18:00:45:761 Kernel/(24713:24713): CONFIGURACION Y LOGGER CARGADOS
[INFO] 18:00:45:763 Kernel/(24713:24713): LISTAS INICIADAS
[INFO] 18:00:45:763 Kernel/(24713:24713): SEMAFOROS INICIADOS
[INFO] 18:01:07:105 Kernel/(24807:24807): CONFIGURACION Y LOGGER CARGADOS
[INFO] 18:01:07:110 Kernel/(24807:24807): LISTAS INICIADAS
[INFO] 18:01:07:110 Kernel/(24807:24807): SEMAFOROS INICIADOS
[INFO] 18:01:07:110 Kernel/(24807:24807): ANDAN INSTRUCCIONES
[INFO] 18:01:07:110 Kernel/(24807:24807): Se agrego correctamente el Proceso de ID: 0
[INFO] 18:01:07:110 Kernel/(24807:24807): Se agrego correctamente el Proceso de ID: 1
[INFO] 18:01:07:110 Kernel/(24807:24807): Se agrego correctamente el Proceso de ID: 2
[INFO] 18:01:07:110 Kernel/(24807:24807): Se agrego correctamente el Proceso de ID: 3
[INFO] 18:01:07:110 Kernel/(24807:24807): Se agrego correctamente el Proceso de ID: 4
[INFO] 18:01:07:110 Kernel/(24807:24807): SEMAFOROS INICIAD2222OS
[INFO] 18:01:26:655 Kernel/(24892:24892): CONFIGURACION Y LOGGER CARGADOS
[INFO] 18:01:26:668 Kernel/(24892:24892): LISTAS INICIADAS
[INFO] 18:01:26:668 Kernel/(24892:24892): SEMAFOROS INICIADOS
[INFO] 18:01:26:668 Kernel/(24892:24892): ANDAN INSTRUCCIONES
[INFO] 18:01:26:668 Kernel/(24892:24892): Se agrego correctamente el Proceso de ID: 0
[INFO] 18:01:26:668 Kernel/(24892:24892): Se agrego correctamente el Proceso de ID: 1
[INFO] 18:01:26:668 Kernel/(24892:24892): Se agrego correctamente el Proceso de ID: 2
[INFO] 18:01:26:668 Kernel/(24892:24892): Se agrego correctamente el Proceso de ID: 3
[INFO] 18:01:26:669 Kernel/(24892:24892): Se agrego correctamente el Proceso de ID: 4
[INFO] 18:01:26:669 Kernel/(24892:24892): SEMAFOROS INICIAD2222OS
[INFO] 18:01:26:673 Kernel/(24892:24901): CHE ENTRO UN PROCESO PA MI GRADO DISMINUYO
[INFO] 18:01:26:673 Kernel/(24892:24901): CHE ENTRO UN PROCESO PA MI GRADO DISMINUYO
[INFO] 18:01:26:673 Kernel/(24892:24901): CHE ENTRO UN PROCESO PA MI GRADO DISMINUYO
[INFO] 18:01:26:673 Kernel/(24892:24901): CHE ENTRO UN PROCESO PA MI GRADO DISMINUYO
[INFO] 18:04:16:377 Kernel/(25304:25304): CONFIGURACION Y LOGGER CARGADOS
[INFO] 18:04:16:392 Kernel/(25304:25304): LISTAS INICIADAS
[INFO] 18:04:16:392 Kernel/(25304:25304): SEMAFOROS INICIADOS
[INFO] 18:04:16:392 Kernel/(25304:25304): ANDAN INSTRUCCIONES
[INFO] 18:04:16:392 Kernel/(25304:25304): Se agrego correctamente el Proceso de ID: 0
[INFO] 18:04:16:392 Kernel/(25304:25304): Se agrego correctamente el Proceso de ID: 1
[INFO] 18:04:16:392 Kernel/(25304:25304): Se agrego correctamente el Proceso de ID: 2
[INFO] 18:04:16:392 Kernel/(25304:25304): Se agrego correctamente el Proceso de ID: 3
[INFO] 18:04:16:392 Kernel/(25304:25304): Se agrego correctamente el Proceso de ID: 4
[INFO] 18:04:16:392 Kernel/(25304:25304): SEMAFOROS INICIAD2222OS
[INFO] 18:04:16:392 Kernel/(25304:25309): CHE ENTRO UN PROCESO PA MI GRADO DISMINUYO
[INFO] 18:04:16:392 Kernel/(25304:25309): CHE ENTRO UN PROCESO PA MI GRADO DISMINUYO
[INFO] 18:04:16:392 Kernel/(25304:25309): CHE ENTRO UN PROCESO PA MI GRADO DISMINUYO
[INFO] 18:04:16:392 Kernel/(25304:25309): CHE ENTRO UN PROCESO PA MI GRADO DISMINUYO
[INFO] 18:04:55:309 Kernel/(25448:25448): CONFIGURACION Y LOGGER CARGADOS
[INFO] 18:04:55:315 Kernel/(25448:25448): LISTAS INICIADAS
[INFO] 18:04:55:315 Kernel/(25448:25448): SEMAFOROS INICIADOS
[INFO] 18:04:55:315 Kernel/(25448:25448): ANDAN INSTRUCCIONES
[INFO] 18:04:55:315 Kernel/(25448:25448): Se agrego correctamente el Proceso de ID: 0
[INFO] 18:04:55:315 Kernel/(25448:25448): Se agrego correctamente el Proceso de ID: 1
[INFO] 18:04:55:315 Kernel/(25448:25448): Se agrego correctamente el Proceso de ID: 2
[INFO] 18:04:55:315 Kernel/(25448:25448): Se agrego correctamente el Proceso de ID: 3
[INFO] 18:04:55:315 Kernel/(25448:25448): Se agrego correctamente el Proceso de ID: 4
[INFO] 18:04:55:315 Kernel/(25448:25448): SEMAFOROS INICIAD2222OS
[INFO] 18:04:55:319 Kernel/(25448:25453): CHE ENTRO UN PROCESO PA MI GRADO DISMINUYO
[INFO] 18:04:55:322 Kernel/(25448:25453): CHE ENTRO UN PROCESO PA MI GRADO DISMINUYO
[INFO] 18:04:55:322 Kernel/(25448:25453): CHE ENTRO UN PROCESO PA MI GRADO DISMINUYO
[INFO] 18:04:55:322 Kernel/(25448:25453): CHE ENTRO UN PROCESO PA MI GRADO DISMINUYO
[INFO] 18:05:18:827 Kernel/(25526:25526): CONFIGURACION Y LOGGER CARGADOS
[INFO] 18:05:18:844 Kernel/(25526:25526): LISTAS INICIADAS
[INFO] 18:05:18:844 Kernel/(25526:25526): SEMAFOROS INICIADOS
[INFO] 18:05:18:844 Kernel/(25526:25526): ANDAN INSTRUCCIONES
[INFO] 18:05:18:844 Kernel/(25526:25526): Se agrego correctamente el Proceso de ID: 0
[INFO] 18:05:18:844 Kernel/(25526:25526): Se agrego correctamente el Proceso de ID: 1
[INFO] 18:05:18:844 Kernel/(25526:25526): Se agrego correctamente el Proceso de ID: 2
[INFO] 18:05:18:845 Kernel/(25526:25526): Se agrego correctamente el Proceso de ID: 3
[INFO] 18:05:18:845 Kernel/(25526:25526): Se agrego correctamente el Proceso de ID: 4
[INFO] 18:05:18:845 Kernel/(25526:25526): SEMAFOROS INICIAD2222OS
[INFO] 18:05:18:846 Kernel/(25526:25532): CHE ENTRO UN PROCESO PA MI GRADO DISMINUYO
[INFO] 18:05:18:846 Kernel/(25526:25532): CHE ENTRO UN PROCESO PA MI GRADO DISMINUYO
[INFO] 18:05:18:846 Kernel/(25526:25532): CHE ENTRO UN PROCESO PA MI GRADO DISMINUYO
[INFO] 18:05:18:846 Kernel/(25526:25532): CHE ENTRO UN PROCESO PA MI GRADO DISMINUYO
[INFO] 18:05:18:846 Kernel/(25526:25532): CHE ENTRO UN PROCESO PA MI GRADO DISMINUYO
